-- Install configuration: ""
-- Execute custom install script
-- Up-to-date symlink: /home/lemon/robb/install/dog/share/dog/config/empty.yaml
-- Up-to-date symlink: /home/lemon/robb/install/dog/share/dog/config/view_bot.rviz
-- Up-to-date symlink: /home/lemon/robb/install/dog/share/dog/description/inertial_macros.xacro
-- Up-to-date symlink: /home/lemon/robb/install/dog/share/dog/description/robot.urdf.xacro
-- Up-to-date symlink: /home/lemon/robb/install/dog/share/dog/description/robot_core.xacro
-- Symlinking: /home/lemon/robb/install/dog/share/dog/description/robot_lidar.xacro
-- Up-to-date symlink: /home/lemon/robb/install/dog/share/dog/launch/rsp.launch.py
-- Up-to-date symlink: /home/lemon/robb/install/dog/share/dog/worlds/empty.world
-- Up-to-date symlink: /home/lemon/robb/install/dog/share/ament_index/resource_index/package_run_dependencies/dog
-- Up-to-date symlink: /home/lemon/robb/install/dog/share/ament_index/resource_index/parent_prefix_path/dog
-- Up-to-date symlink: /home/lemon/robb/install/dog/share/dog/environment/ament_prefix_path.sh
-- Up-to-date symlink: /home/lemon/robb/install/dog/share/dog/environment/ament_prefix_path.dsv
-- Up-to-date symlink: /home/lemon/robb/install/dog/share/dog/environment/path.sh
-- Up-to-date symlink: /home/lemon/robb/install/dog/share/dog/environment/path.dsv
-- Up-to-date symlink: /home/lemon/robb/install/dog/share/dog/local_setup.bash
-- Up-to-date symlink: /home/lemon/robb/install/dog/share/dog/local_setup.sh
-- Up-to-date symlink: /home/lemon/robb/install/dog/share/dog/local_setup.zsh
-- Up-to-date symlink: /home/lemon/robb/install/dog/share/dog/local_setup.dsv
-- Symlinking: /home/lemon/robb/install/dog/share/dog/package.dsv
-- Up-to-date symlink: /home/lemon/robb/install/dog/share/ament_index/resource_index/packages/dog
-- Up-to-date symlink: /home/lemon/robb/install/dog/share/dog/cmake/dogConfig.cmake
-- Up-to-date symlink: /home/lemon/robb/install/dog/share/dog/cmake/dogConfig-version.cmake
-- Up-to-date symlink: /home/lemon/robb/install/dog/share/dog/package.xml
