[0.036s] Invoking command in '/home/lemon/robb/build/dog': CMAKE_PREFIX_PATH=${CMAKE_PREFIX_PATH}:/opt/ros/foxy /usr/bin/cmake --build /home/lemon/robb/build/dog -- -j4 -l4
[0.164s] Invoked command in '/home/lemon/robb/build/dog' returned '0': CMAKE_PREFIX_PATH=${CMAKE_PREFIX_PATH}:/opt/ros/foxy /usr/bin/cmake --build /home/lemon/robb/build/dog -- -j4 -l4
[0.252s] Invoking command in '/home/lemon/robb/build/dog': CMAKE_PREFIX_PATH=${CMAKE_PREFIX_PATH}:/opt/ros/foxy /usr/bin/cmake --install /home/lemon/robb/build/dog
[0.268s] -- Install configuration: ""
[0.269s] -- Execute custom install script
[0.271s] -- Up-to-date symlink: /home/lemon/robb/install/dog/share/dog/config/empty.yaml
[0.273s] -- Up-to-date symlink: /home/lemon/robb/install/dog/share/dog/config/view_bot.rviz
[0.274s] -- Up-to-date symlink: /home/lemon/robb/install/dog/share/dog/description/inertial_macros.xacro
[0.274s] -- Up-to-date symlink: /home/lemon/robb/install/dog/share/dog/description/robot.urdf.xacro
[0.274s] -- Up-to-date symlink: /home/lemon/robb/install/dog/share/dog/description/robot_core.xacro
[0.275s] -- Symlinking: /home/lemon/robb/install/dog/share/dog/description/robot_lidar.xacro
[0.291s] -- Up-to-date symlink: /home/lemon/robb/install/dog/share/dog/launch/rsp.launch.py
[0.293s] -- Up-to-date symlink: /home/lemon/robb/install/dog/share/dog/worlds/empty.world
[0.294s] -- Up-to-date symlink: /home/lemon/robb/install/dog/share/ament_index/resource_index/package_run_dependencies/dog
[0.295s] -- Up-to-date symlink: /home/lemon/robb/install/dog/share/ament_index/resource_index/parent_prefix_path/dog
[0.297s] -- Up-to-date symlink: /home/lemon/robb/install/dog/share/dog/environment/ament_prefix_path.sh
[0.298s] -- Up-to-date symlink: /home/lemon/robb/install/dog/share/dog/environment/ament_prefix_path.dsv
[0.298s] -- Up-to-date symlink: /home/lemon/robb/install/dog/share/dog/environment/path.sh
[0.300s] -- Up-to-date symlink: /home/lemon/robb/install/dog/share/dog/environment/path.dsv
[0.302s] -- Up-to-date symlink: /home/lemon/robb/install/dog/share/dog/local_setup.bash
[0.302s] -- Up-to-date symlink: /home/lemon/robb/install/dog/share/dog/local_setup.sh
[0.302s] -- Up-to-date symlink: /home/lemon/robb/install/dog/share/dog/local_setup.zsh
[0.306s] -- Up-to-date symlink: /home/lemon/robb/install/dog/share/dog/local_setup.dsv
[0.306s] -- Symlinking: /home/lemon/robb/install/dog/share/dog/package.dsv
[0.326s] -- Up-to-date symlink: /home/lemon/robb/install/dog/share/ament_index/resource_index/packages/dog
[0.326s] -- Up-to-date symlink: /home/lemon/robb/install/dog/share/dog/cmake/dogConfig.cmake
[0.333s] -- Up-to-date symlink: /home/lemon/robb/install/dog/share/dog/cmake/dogConfig-version.cmake
[0.334s] -- Up-to-date symlink: /home/lemon/robb/install/dog/share/dog/package.xml
[0.335s] Invoked command in '/home/lemon/robb/build/dog' returned '0': CMAKE_PREFIX_PATH=${CMAKE_PREFIX_PATH}:/opt/ros/foxy /usr/bin/cmake --install /home/lemon/robb/build/dog
