[0.088s] Invoking command in '/home/lemon/robb/build/dog': CMAKE_PREFIX_PATH=${CMAKE_PREFIX_PATH}:/home/lemon/turtlebot3_ws/install/turtlebot3_teleop:/home/lemon/turtlebot3_ws/install/turtlebot3_example:/opt/ros/foxy /usr/bin/cmake --build /home/lemon/robb/build/dog -- -j4 -l4
[0.319s] Invoked command in '/home/lemon/robb/build/dog' returned '0': CMAKE_PREFIX_PATH=${CMAKE_PREFIX_PATH}:/home/lemon/turtlebot3_ws/install/turtlebot3_teleop:/home/lemon/turtlebot3_ws/install/turtlebot3_example:/opt/ros/foxy /usr/bin/cmake --build /home/lemon/robb/build/dog -- -j4 -l4
[0.397s] Invoking command in '/home/lemon/robb/build/dog': CMAKE_PREFIX_PATH=${CMAKE_PREFIX_PATH}:/home/lemon/turtlebot3_ws/install/turtlebot3_teleop:/home/lemon/turtlebot3_ws/install/turtlebot3_example:/opt/ros/foxy /usr/bin/cmake --install /home/lemon/robb/build/dog
[0.419s] -- Install configuration: ""
[0.432s] -- Execute custom install script
[0.436s] -- Up-to-date symlink: /home/lemon/robb/install/dog/share/dog/config/empty.yaml
[0.436s] -- Up-to-date symlink: /home/lemon/robb/install/dog/share/dog/config/view_bot.rviz
[0.437s] -- Up-to-date symlink: /home/lemon/robb/install/dog/share/dog/description/inertial_macros.xacro
[0.438s] -- Up-to-date symlink: /home/lemon/robb/install/dog/share/dog/description/robot.urdf.xacro
[0.439s] -- Up-to-date symlink: /home/lemon/robb/install/dog/share/dog/description/robot_core.xacro
[0.439s] -- Up-to-date symlink: /home/lemon/robb/install/dog/share/dog/description/robot_lidar.xacro
[0.440s] -- Up-to-date symlink: /home/lemon/robb/install/dog/share/dog/launch/rsp.launch.py
[0.441s] -- Up-to-date symlink: /home/lemon/robb/install/dog/share/dog/worlds/empty.world
[0.442s] -- Up-to-date symlink: /home/lemon/robb/install/dog/share/ament_index/resource_index/package_run_dependencies/dog
[0.443s] -- Up-to-date symlink: /home/lemon/robb/install/dog/share/ament_index/resource_index/parent_prefix_path/dog
[0.447s] -- Up-to-date symlink: /home/lemon/robb/install/dog/share/dog/environment/ament_prefix_path.sh
[0.447s] -- Up-to-date symlink: /home/lemon/robb/install/dog/share/dog/environment/ament_prefix_path.dsv
[0.447s] -- Up-to-date symlink: /home/lemon/robb/install/dog/share/dog/environment/path.sh
[0.448s] -- Up-to-date symlink: /home/lemon/robb/install/dog/share/dog/environment/path.dsv
[0.448s] -- Up-to-date symlink: /home/lemon/robb/install/dog/share/dog/local_setup.bash
[0.448s] -- Up-to-date symlink: /home/lemon/robb/install/dog/share/dog/local_setup.sh
[0.448s] -- Up-to-date symlink: /home/lemon/robb/install/dog/share/dog/local_setup.zsh
[0.448s] -- Up-to-date symlink: /home/lemon/robb/install/dog/share/dog/local_setup.dsv
[0.449s] -- Symlinking: /home/lemon/robb/install/dog/share/dog/package.dsv
[0.463s] -- Up-to-date symlink: /home/lemon/robb/install/dog/share/ament_index/resource_index/packages/dog
[0.464s] -- Up-to-date symlink: /home/lemon/robb/install/dog/share/dog/cmake/dogConfig.cmake
[0.464s] -- Up-to-date symlink: /home/lemon/robb/install/dog/share/dog/cmake/dogConfig-version.cmake
[0.465s] -- Up-to-date symlink: /home/lemon/robb/install/dog/share/dog/package.xml
[0.471s] Invoked command in '/home/lemon/robb/build/dog' returned '0': CMAKE_PREFIX_PATH=${CMAKE_PREFIX_PATH}:/home/lemon/turtlebot3_ws/install/turtlebot3_teleop:/home/lemon/turtlebot3_ws/install/turtlebot3_example:/opt/ros/foxy /usr/bin/cmake --install /home/lemon/robb/build/dog
