[0.039s] Invoking command in '/home/lemon/robb/build/dog': CMAKE_PREFIX_PATH=${CMAKE_PREFIX_PATH}:/home/lemon/turtlebot3_ws/install/turtlebot3_teleop:/home/lemon/turtlebot3_ws/install/turtlebot3_example:/opt/ros/foxy /usr/bin/cmake --build /home/lemon/robb/build/dog -- -j4 -l4
[0.104s] Invoked command in '/home/lemon/robb/build/dog' returned '0': CMAKE_PREFIX_PATH=${CMAKE_PREFIX_PATH}:/home/lemon/turtlebot3_ws/install/turtlebot3_teleop:/home/lemon/turtlebot3_ws/install/turtlebot3_example:/opt/ros/foxy /usr/bin/cmake --build /home/lemon/robb/build/dog -- -j4 -l4
[0.190s] Invoking command in '/home/lemon/robb/build/dog': CMAKE_PREFIX_PATH=${CMAKE_PREFIX_PATH}:/home/lemon/turtlebot3_ws/install/turtlebot3_teleop:/home/lemon/turtlebot3_ws/install/turtlebot3_example:/opt/ros/foxy /usr/bin/cmake --install /home/lemon/robb/build/dog
[0.202s] -- Install configuration: ""
[0.203s] -- Execute custom install script
[0.204s] -- Up-to-date symlink: /home/lemon/robb/install/dog/share/dog/config/empty.yaml
[0.204s] -- Up-to-date symlink: /home/lemon/robb/install/dog/share/dog/config/view_bot.rviz
[0.205s] -- Up-to-date symlink: /home/lemon/robb/install/dog/share/dog/description/inertial_macros.xacro
[0.205s] -- Up-to-date symlink: /home/lemon/robb/install/dog/share/dog/description/robot.urdf.xacro
[0.205s] -- Up-to-date symlink: /home/lemon/robb/install/dog/share/dog/description/robot_core.xacro
[0.205s] -- Symlinking: /home/lemon/robb/install/dog/share/dog/description/robot_gazebo.xacro
[0.221s] -- Up-to-date symlink: /home/lemon/robb/install/dog/share/dog/description/robot_lidar.xacro
[0.221s] -- Up-to-date symlink: /home/lemon/robb/install/dog/share/dog/launch/launch_sim.launch.py
[0.222s] -- Up-to-date symlink: /home/lemon/robb/install/dog/share/dog/launch/rsp.launch.py
[0.222s] -- Up-to-date symlink: /home/lemon/robb/install/dog/share/dog/worlds/empty.world
[0.224s] -- Up-to-date symlink: /home/lemon/robb/install/dog/share/ament_index/resource_index/package_run_dependencies/dog
[0.227s] -- Up-to-date symlink: /home/lemon/robb/install/dog/share/ament_index/resource_index/parent_prefix_path/dog
[0.227s] -- Up-to-date symlink: /home/lemon/robb/install/dog/share/dog/environment/ament_prefix_path.sh
[0.227s] -- Up-to-date symlink: /home/lemon/robb/install/dog/share/dog/environment/ament_prefix_path.dsv
[0.229s] -- Up-to-date symlink: /home/lemon/robb/install/dog/share/dog/environment/path.sh
[0.229s] -- Up-to-date symlink: /home/lemon/robb/install/dog/share/dog/environment/path.dsv
[0.229s] -- Up-to-date symlink: /home/lemon/robb/install/dog/share/dog/local_setup.bash
[0.229s] -- Up-to-date symlink: /home/lemon/robb/install/dog/share/dog/local_setup.sh
[0.229s] -- Up-to-date symlink: /home/lemon/robb/install/dog/share/dog/local_setup.zsh
[0.229s] -- Up-to-date symlink: /home/lemon/robb/install/dog/share/dog/local_setup.dsv
[0.229s] -- Symlinking: /home/lemon/robb/install/dog/share/dog/package.dsv
[0.247s] -- Up-to-date symlink: /home/lemon/robb/install/dog/share/ament_index/resource_index/packages/dog
[0.247s] -- Up-to-date symlink: /home/lemon/robb/install/dog/share/dog/cmake/dogConfig.cmake
[0.247s] -- Up-to-date symlink: /home/lemon/robb/install/dog/share/dog/cmake/dogConfig-version.cmake
[0.248s] -- Up-to-date symlink: /home/lemon/robb/install/dog/share/dog/package.xml
[0.252s] Invoked command in '/home/lemon/robb/build/dog' returned '0': CMAKE_PREFIX_PATH=${CMAKE_PREFIX_PATH}:/home/lemon/turtlebot3_ws/install/turtlebot3_teleop:/home/lemon/turtlebot3_ws/install/turtlebot3_example:/opt/ros/foxy /usr/bin/cmake --install /home/lemon/robb/build/dog
