[0.035s] Invoking command in '/home/lemon/robb/build/dog': CMAKE_PREFIX_PATH=${CMAKE_PREFIX_PATH}:/opt/ros/foxy /usr/bin/cmake /home/lemon/robb/src/dog -DAMENT_CMAKE_SYMLINK_INSTALL=1 -DCMAKE_INSTALL_PREFIX=/home/lemon/robb/install/dog
[0.153s] -- The C compiler identification is GNU 9.4.0
[0.259s] -- The CXX compiler identification is GNU 9.4.0
[0.266s] -- Check for working C compiler: /usr/bin/cc
[0.440s] -- Check for working C compiler: /usr/bin/cc -- works
[0.442s] -- Detecting C compiler ABI info
[0.562s] -- Detecting C compiler ABI info - done
[0.576s] -- Detecting C compile features
[0.577s] -- Detecting C compile features - done
[0.582s] -- Check for working CXX compiler: /usr/bin/c++
[0.736s] -- Check for working CXX compiler: /usr/bin/c++ -- works
[0.737s] -- Detecting CXX compiler ABI info
[0.867s] -- Detecting CXX compiler ABI info - done
[0.903s] -- Detecting CXX compile features
[0.903s] -- Detecting CXX compile features - done
[0.903s] -- Found ament_cmake: 0.9.12 (/opt/ros/foxy/share/ament_cmake/cmake)
[0.933s] -- Found PythonInterp: /usr/bin/python3 (found suitable version "3.8.10", minimum required is "3") 
[0.934s] -- Using PYTHON_EXECUTABLE: /usr/bin/python3
[1.232s] -- Override CMake install command with custom implementation using symlinks instead of copying resources
[1.267s] -- Found ament_lint_auto: 0.9.8 (/opt/ros/foxy/share/ament_lint_auto/cmake)
[1.388s] -- Added test 'copyright' to check source files copyright and LICENSE
[1.392s] -- Added test 'flake8' to check Python code syntax and style conventions
[1.394s] -- Added test 'lint_cmake' to check CMake code style
[1.396s] -- Added test 'pep257' to check Python code against some of the style conventions in PEP 257
[1.398s] -- Added test 'xmllint' to check XML markup files
[1.402s] -- Configuring done
[1.406s] -- Generating done
[1.408s] -- Build files have been written to: /home/lemon/robb/build/dog
[1.420s] Invoked command in '/home/lemon/robb/build/dog' returned '0': CMAKE_PREFIX_PATH=${CMAKE_PREFIX_PATH}:/opt/ros/foxy /usr/bin/cmake /home/lemon/robb/src/dog -DAMENT_CMAKE_SYMLINK_INSTALL=1 -DCMAKE_INSTALL_PREFIX=/home/lemon/robb/install/dog
[1.422s] Invoking command in '/home/lemon/robb/build/dog': CMAKE_PREFIX_PATH=${CMAKE_PREFIX_PATH}:/opt/ros/foxy /usr/bin/cmake --build /home/lemon/robb/build/dog -- -j4 -l4
[1.505s] Invoked command in '/home/lemon/robb/build/dog' returned '0': CMAKE_PREFIX_PATH=${CMAKE_PREFIX_PATH}:/opt/ros/foxy /usr/bin/cmake --build /home/lemon/robb/build/dog -- -j4 -l4
[1.618s] Invoking command in '/home/lemon/robb/build/dog': CMAKE_PREFIX_PATH=${CMAKE_PREFIX_PATH}:/opt/ros/foxy /usr/bin/cmake --install /home/lemon/robb/build/dog
[1.633s] -- Install configuration: ""
[1.634s] -- Execute custom install script
[1.641s] -- Symlinking: /home/lemon/robb/install/dog/share/dog/config/empty.yaml
[1.662s] -- Symlinking: /home/lemon/robb/install/dog/share/dog/config/view_bot.rviz
[1.678s] -- Symlinking: /home/lemon/robb/install/dog/share/dog/description/inertial_macros.xacro
[1.693s] -- Symlinking: /home/lemon/robb/install/dog/share/dog/description/robot.urdf.xacro
[1.709s] -- Symlinking: /home/lemon/robb/install/dog/share/dog/description/robot_core.xacro
[1.729s] -- Symlinking: /home/lemon/robb/install/dog/share/dog/launch/rsp.launch.py
[1.744s] -- Symlinking: /home/lemon/robb/install/dog/share/dog/worlds/empty.world
[1.776s] -- Symlinking: /home/lemon/robb/install/dog/share/ament_index/resource_index/package_run_dependencies/dog
[1.793s] -- Symlinking: /home/lemon/robb/install/dog/share/ament_index/resource_index/parent_prefix_path/dog
[1.813s] -- Symlinking: /home/lemon/robb/install/dog/share/dog/environment/ament_prefix_path.sh
[1.832s] -- Symlinking: /home/lemon/robb/install/dog/share/dog/environment/ament_prefix_path.dsv
[1.849s] -- Symlinking: /home/lemon/robb/install/dog/share/dog/environment/path.sh
[1.867s] -- Symlinking: /home/lemon/robb/install/dog/share/dog/environment/path.dsv
[1.883s] -- Symlinking: /home/lemon/robb/install/dog/share/dog/local_setup.bash
[1.903s] -- Symlinking: /home/lemon/robb/install/dog/share/dog/local_setup.sh
[1.934s] -- Symlinking: /home/lemon/robb/install/dog/share/dog/local_setup.zsh
[1.950s] -- Symlinking: /home/lemon/robb/install/dog/share/dog/local_setup.dsv
[1.966s] -- Symlinking: /home/lemon/robb/install/dog/share/dog/package.dsv
[1.982s] -- Symlinking: /home/lemon/robb/install/dog/share/ament_index/resource_index/packages/dog
[1.997s] -- Symlinking: /home/lemon/robb/install/dog/share/dog/cmake/dogConfig.cmake
[2.013s] -- Symlinking: /home/lemon/robb/install/dog/share/dog/cmake/dogConfig-version.cmake
[2.030s] -- Symlinking: /home/lemon/robb/install/dog/share/dog/package.xml
[2.052s] Invoked command in '/home/lemon/robb/build/dog' returned '0': CMAKE_PREFIX_PATH=${CMAKE_PREFIX_PATH}:/opt/ros/foxy /usr/bin/cmake --install /home/lemon/robb/build/dog
