[0.061s] Invoking command in '/home/lemon/robb/build/dog': CMAKE_PREFIX_PATH=${CMAKE_PREFIX_PATH}:/home/lemon/turtlebot3_ws/install/turtlebot3_teleop:/home/lemon/turtlebot3_ws/install/turtlebot3_example:/opt/ros/foxy /usr/bin/cmake --build /home/lemon/robb/build/dog -- -j4 -l4
[0.194s] Invoked command in '/home/lemon/robb/build/dog' returned '0': CMAKE_PREFIX_PATH=${CMAKE_PREFIX_PATH}:/home/lemon/turtlebot3_ws/install/turtlebot3_teleop:/home/lemon/turtlebot3_ws/install/turtlebot3_example:/opt/ros/foxy /usr/bin/cmake --build /home/lemon/robb/build/dog -- -j4 -l4
[0.266s] Invoking command in '/home/lemon/robb/build/dog': CMAKE_PREFIX_PATH=${CMAKE_PREFIX_PATH}:/home/lemon/turtlebot3_ws/install/turtlebot3_teleop:/home/lemon/turtlebot3_ws/install/turtlebot3_example:/opt/ros/foxy /usr/bin/cmake --install /home/lemon/robb/build/dog
[0.294s] -- Install configuration: ""
[0.309s] -- Execute custom install script
[0.311s] -- Up-to-date symlink: /home/lemon/robb/install/dog/share/dog/config/empty.yaml
[0.312s] -- Symlinking: /home/lemon/robb/install/dog/share/dog/config/my_controllers.yaml
[0.326s] -- Up-to-date symlink: /home/lemon/robb/install/dog/share/dog/config/view_bot.rviz
[0.327s] -- Up-to-date symlink: /home/lemon/robb/install/dog/share/dog/description/inertial_macros.xacro
[0.328s] -- Up-to-date symlink: /home/lemon/robb/install/dog/share/dog/description/robot.urdf.xacro
[0.328s] -- Up-to-date symlink: /home/lemon/robb/install/dog/share/dog/description/robot_core.xacro
[0.328s] -- Up-to-date symlink: /home/lemon/robb/install/dog/share/dog/description/robot_gazebo.xacro
[0.328s] -- Up-to-date symlink: /home/lemon/robb/install/dog/share/dog/description/robot_lidar.xacro
[0.328s] -- Symlinking: /home/lemon/robb/install/dog/share/dog/description/ros2_control.xacro
[0.345s] -- Up-to-date symlink: /home/lemon/robb/install/dog/share/dog/launch/launch_sim.launch.py
[0.346s] -- Up-to-date symlink: /home/lemon/robb/install/dog/share/dog/launch/rsp.launch.py
[0.346s] -- Up-to-date symlink: /home/lemon/robb/install/dog/share/dog/worlds/empty.world
[0.347s] -- Up-to-date symlink: /home/lemon/robb/install/dog/share/ament_index/resource_index/package_run_dependencies/dog
[0.347s] -- Up-to-date symlink: /home/lemon/robb/install/dog/share/ament_index/resource_index/parent_prefix_path/dog
[0.348s] -- Up-to-date symlink: /home/lemon/robb/install/dog/share/dog/environment/ament_prefix_path.sh
[0.348s] -- Up-to-date symlink: /home/lemon/robb/install/dog/share/dog/environment/ament_prefix_path.dsv
[0.349s] -- Up-to-date symlink: /home/lemon/robb/install/dog/share/dog/environment/path.sh
[0.349s] -- Up-to-date symlink: /home/lemon/robb/install/dog/share/dog/environment/path.dsv
[0.349s] -- Up-to-date symlink: /home/lemon/robb/install/dog/share/dog/local_setup.bash
[0.351s] -- Up-to-date symlink: /home/lemon/robb/install/dog/share/dog/local_setup.sh
[0.351s] -- Up-to-date symlink: /home/lemon/robb/install/dog/share/dog/local_setup.zsh
[0.351s] -- Up-to-date symlink: /home/lemon/robb/install/dog/share/dog/local_setup.dsv
[0.352s] -- Symlinking: /home/lemon/robb/install/dog/share/dog/package.dsv
[0.367s] -- Up-to-date symlink: /home/lemon/robb/install/dog/share/ament_index/resource_index/packages/dog
[0.368s] -- Up-to-date symlink: /home/lemon/robb/install/dog/share/dog/cmake/dogConfig.cmake
[0.368s] -- Up-to-date symlink: /home/lemon/robb/install/dog/share/dog/cmake/dogConfig-version.cmake
[0.369s] -- Up-to-date symlink: /home/lemon/robb/install/dog/share/dog/package.xml
[0.380s] Invoked command in '/home/lemon/robb/build/dog' returned '0': CMAKE_PREFIX_PATH=${CMAKE_PREFIX_PATH}:/home/lemon/turtlebot3_ws/install/turtlebot3_teleop:/home/lemon/turtlebot3_ws/install/turtlebot3_example:/opt/ros/foxy /usr/bin/cmake --install /home/lemon/robb/build/dog
