[0.766s] DEBUG:colcon:Command line arguments: ['/usr/bin/colcon', 'list', '-p', '--base-paths', '/home/lemon/robb']
[0.766s] DEBUG:colcon:Parsed command line arguments: Namespace(allow_overriding=[], base_paths=['/home/lemon/robb'], build_base='build', ignore_user_meta=False, log_base=None, log_level=None, main=<bound method ListVerb.main of <colcon_package_information.verb.list.ListVerb object at 0x7f28a7c6c8e0>>, metas=['./colcon.meta'], names_only=False, packages_above=None, packages_above_and_dependencies=None, packages_above_depth=None, packages_end=None, packages_ignore=None, packages_ignore_regex=None, packages_select=None, packages_select_build_failed=False, packages_select_by_dep=None, packages_select_regex=None, packages_select_test_failures=False, packages_skip=None, packages_skip_build_finished=False, packages_skip_by_dep=None, packages_skip_regex=None, packages_skip_test_passed=False, packages_skip_up_to=None, packages_start=None, packages_up_to=None, packages_up_to_regex=None, paths=None, paths_only=True, topological_graph=False, topological_graph_density=False, topological_graph_dot=False, topological_graph_dot_cluster=False, topological_graph_dot_include_skipped=False, topological_graph_legend=False, topological_order=False, verb_extension=<colcon_package_information.verb.list.ListVerb object at 0x7f28a7c6c8e0>, verb_name='list', verb_parser=<colcon_defaults.argument_parser.defaults.DefaultArgumentsDecorator object at 0x7f28a7b066d0>)
[1.457s] Level 1:colcon.colcon_core.package_discovery:discover_packages(colcon_meta) check parameters
[1.473s] Level 1:colcon.colcon_core.package_discovery:discover_packages(recursive) check parameters
[1.492s] Level 1:colcon.colcon_core.package_discovery:discover_packages(ignore) check parameters
[1.513s] Level 1:colcon.colcon_core.package_discovery:discover_packages(path) check parameters
[1.513s] Level 1:colcon.colcon_core.package_discovery:discover_packages(recursive) discover
[1.513s] INFO:colcon.colcon_core.package_discovery:Crawling recursively for packages in '/home/lemon/robb'
[1.514s] Level 1:colcon.colcon_core.package_identification:_identify(/home/lemon/robb) by extensions ['ignore', 'ignore_ament_install']
[1.514s] Level 1:colcon.colcon_core.package_identification:_identify(/home/lemon/robb) by extension 'ignore'
[1.514s] Level 1:colcon.colcon_core.package_identification:_identify(/home/lemon/robb) by extension 'ignore_ament_install'
[1.514s] Level 1:colcon.colcon_core.package_identification:_identify(/home/lemon/robb) by extensions ['colcon_pkg']
[1.514s] Level 1:colcon.colcon_core.package_identification:_identify(/home/lemon/robb) by extension 'colcon_pkg'
[1.515s] Level 1:colcon.colcon_core.package_identification:_identify(/home/lemon/robb) by extensions ['colcon_meta']
[1.515s] Level 1:colcon.colcon_core.package_identification:_identify(/home/lemon/robb) by extension 'colcon_meta'
[1.515s] Level 1:colcon.colcon_core.package_identification:_identify(/home/lemon/robb) by extensions ['ros']
[1.515s] Level 1:colcon.colcon_core.package_identification:_identify(/home/lemon/robb) by extension 'ros'
[1.615s] Level 1:colcon.colcon_core.package_identification:_identify(/home/lemon/robb) by extensions ['cmake', 'python']
[1.617s] Level 1:colcon.colcon_core.package_identification:_identify(/home/lemon/robb) by extension 'cmake'
[1.617s] Level 1:colcon.colcon_core.package_identification:_identify(/home/lemon/robb) by extension 'python'
[1.617s] Level 1:colcon.colcon_core.package_identification:_identify(/home/lemon/robb) by extensions ['python_setup_py']
[1.618s] Level 1:colcon.colcon_core.package_identification:_identify(/home/lemon/robb) by extension 'python_setup_py'
[1.618s] Level 1:colcon.colcon_core.package_identification:_identify(/home/lemon/robb/log) by extensions ['ignore', 'ignore_ament_install']
[1.618s] Level 1:colcon.colcon_core.package_identification:_identify(/home/lemon/robb/log) by extension 'ignore'
[1.618s] Level 1:colcon.colcon_core.package_identification:_identify(/home/lemon/robb/log) ignored
[1.618s] Level 1:colcon.colcon_core.package_identification:_identify(/home/lemon/robb/src) by extensions ['ignore', 'ignore_ament_install']
[1.618s] Level 1:colcon.colcon_core.package_identification:_identify(/home/lemon/robb/src) by extension 'ignore'
[1.618s] Level 1:colcon.colcon_core.package_identification:_identify(/home/lemon/robb/src) by extension 'ignore_ament_install'
[1.618s] Level 1:colcon.colcon_core.package_identification:_identify(/home/lemon/robb/src) by extensions ['colcon_pkg']
[1.618s] Level 1:colcon.colcon_core.package_identification:_identify(/home/lemon/robb/src) by extension 'colcon_pkg'
[1.618s] Level 1:colcon.colcon_core.package_identification:_identify(/home/lemon/robb/src) by extensions ['colcon_meta']
[1.619s] Level 1:colcon.colcon_core.package_identification:_identify(/home/lemon/robb/src) by extension 'colcon_meta'
[1.619s] Level 1:colcon.colcon_core.package_identification:_identify(/home/lemon/robb/src) by extensions ['ros']
[1.619s] Level 1:colcon.colcon_core.package_identification:_identify(/home/lemon/robb/src) by extension 'ros'
[1.619s] Level 1:colcon.colcon_core.package_identification:_identify(/home/lemon/robb/src) by extensions ['cmake', 'python']
[1.619s] Level 1:colcon.colcon_core.package_identification:_identify(/home/lemon/robb/src) by extension 'cmake'
[1.619s] Level 1:colcon.colcon_core.package_identification:_identify(/home/lemon/robb/src) by extension 'python'
[1.619s] Level 1:colcon.colcon_core.package_identification:_identify(/home/lemon/robb/src) by extensions ['python_setup_py']
[1.619s] Level 1:colcon.colcon_core.package_identification:_identify(/home/lemon/robb/src) by extension 'python_setup_py'
[1.619s] Level 1:colcon.colcon_core.package_identification:_identify(/home/lemon/robb/src/articubot_one-d5aa5e9bc9039073c0d8fd7fe426e170be79c087) by extensions ['ignore', 'ignore_ament_install']
[1.619s] Level 1:colcon.colcon_core.package_identification:_identify(/home/lemon/robb/src/articubot_one-d5aa5e9bc9039073c0d8fd7fe426e170be79c087) by extension 'ignore'
[1.619s] Level 1:colcon.colcon_core.package_identification:_identify(/home/lemon/robb/src/articubot_one-d5aa5e9bc9039073c0d8fd7fe426e170be79c087) by extension 'ignore_ament_install'
[1.619s] Level 1:colcon.colcon_core.package_identification:_identify(/home/lemon/robb/src/articubot_one-d5aa5e9bc9039073c0d8fd7fe426e170be79c087) by extensions ['colcon_pkg']
[1.619s] Level 1:colcon.colcon_core.package_identification:_identify(/home/lemon/robb/src/articubot_one-d5aa5e9bc9039073c0d8fd7fe426e170be79c087) by extension 'colcon_pkg'
[1.619s] Level 1:colcon.colcon_core.package_identification:_identify(/home/lemon/robb/src/articubot_one-d5aa5e9bc9039073c0d8fd7fe426e170be79c087) by extensions ['colcon_meta']
[1.619s] Level 1:colcon.colcon_core.package_identification:_identify(/home/lemon/robb/src/articubot_one-d5aa5e9bc9039073c0d8fd7fe426e170be79c087) by extension 'colcon_meta'
[1.620s] Level 1:colcon.colcon_core.package_identification:_identify(/home/lemon/robb/src/articubot_one-d5aa5e9bc9039073c0d8fd7fe426e170be79c087) by extensions ['ros']
[1.620s] Level 1:colcon.colcon_core.package_identification:_identify(/home/lemon/robb/src/articubot_one-d5aa5e9bc9039073c0d8fd7fe426e170be79c087) by extension 'ros'
[1.623s] DEBUG:colcon.colcon_core.package_identification:Package '/home/lemon/robb/src/articubot_one-d5aa5e9bc9039073c0d8fd7fe426e170be79c087' with type 'ros.ament_cmake' and name 'articubot_one'
[1.623s] Level 1:colcon.colcon_core.package_discovery:discover_packages(recursive) using defaults
